app/build/outputs/logs/manifest-merger-debug-report.txt
-- Merging decision tree log ---
manifest
ADDED from src\main\AndroidManifest.xml:2:1-94:12
	package
		ADDED from src\main\AndroidManifest.xml:4:11-44
		INJECTED from src\main\AndroidManifest.xml
		INJECTED from src\main\AndroidManifest.xml
	android:versionName
		INJECTED from src\main\AndroidManifest.xml
		INJECTED from src\main\AndroidManifest.xml
	xmlns:tools
		ADDED from src\main\AndroidManifest.xml:3:11-57
	xmlns:android
		ADDED from src\main\AndroidManifest.xml:2:11-69
	android:versionCode
		INJECTED from src\main\AndroidManifest.xml
		INJECTED from src\main\AndroidManifest.xml
uses-permission#android.permission.INTERNET
ADDED from src\main\AndroidManifest.xml:6:5-66
	android:name
		ADDED from src\main\AndroidManifest.xml:6:22-64
uses-permission#android.permission.WRITE_EXTERNAL_STORAGE
ADDED from src\main\AndroidManifest.xml:7:5-80
	android:name
		ADDED from src\main\AndroidManifest.xml:7:22-78
uses-permission#android.permission.READ_EXTERNAL_STORAGE
ADDED from src\main\AndroidManifest.xml:8:5-79
	android:name
		ADDED from src\main\AndroidManifest.xml:8:22-77
uses-permission#android.permission.CAMERA
ADDED from src\main\AndroidManifest.xml:9:5-64
MERGED from [com.journeyapps:zxing-android-embedded:3.4.0] AndroidManifest.xml:21:5-65
	android:name
		ADDED from src\main\AndroidManifest.xml:9:22-62
uses-permission#android.permission.ACCESS_NETWORK_STATE
ADDED from src\main\AndroidManifest.xml:10:5-78
	android:name
		ADDED from src\main\AndroidManifest.xml:10:22-76
uses-permission#com.android.launcher.permission.INSTALL_SHORTCUT
ADDED from src\main\AndroidManifest.xml:11:5-87
	android:name
		ADDED from src\main\AndroidManifest.xml:11:22-85
uses-permission#android.permission.SYSTEM_ALERT_WINDOW
ADDED from src\main\AndroidManifest.xml:12:5-77
	android:name
		ADDED from src\main\AndroidManifest.xml:12:22-75
uses-permission#android.permission.SYSTEM_OVERLAY_WINDOW
ADDED from src\main\AndroidManifest.xml:13:5-79
	android:name
		ADDED from src\main\AndroidManifest.xml:13:22-77
uses-permission#android.permission.VIBRATE
ADDED from src\main\AndroidManifest.xml:14:5-65
	android:name
		ADDED from src\main\AndroidManifest.xml:14:22-63
uses-permission#android.permission.READ_PHONE_STATE
ADDED from src\main\AndroidManifest.xml:15:5-74
	android:name
		ADDED from src\main\AndroidManifest.xml:15:22-72
uses-permission#android.permission.INTERNAL_SYSTEM_WINDOW
ADDED from src\main\AndroidManifest.xml:16:5-81
	android:name
		ADDED from src\main\AndroidManifest.xml:16:22-78
uses-permission#android.permission.MODIFY_AUDIO_SETTINGS
ADDED from src\main\AndroidManifest.xml:19:5-79
	android:name
		ADDED from src\main\AndroidManifest.xml:19:22-77
uses-permission#android.permission.ACCESS_WIFI_STATE
ADDED from src\main\AndroidManifest.xml:23:5-75
	android:name
		ADDED from src\main\AndroidManifest.xml:23:22-73
uses-feature#android.hardware.camera
ADDED from src\main\AndroidManifest.xml:25:5-59
MERGED from [com.journeyapps:zxing-android-embedded:3.4.0] AndroidManifest.xml:24:5-26:36
	android:name
		ADDED from src\main\AndroidManifest.xml:25:19-57
uses-feature#android.hardware.camera.autofocus
ADDED from src\main\AndroidManifest.xml:26:5-69
MERGED from [com.journeyapps:zxing-android-embedded:3.4.0] AndroidManifest.xml:32:5-34:36
	android:name
		ADDED from src\main\AndroidManifest.xml:26:19-67
application
ADDED from src\main\AndroidManifest.xml:28:5-92:19
MERGED from [com.taobao.android:weex_sdk:0.10.0] AndroidManifest.xml:11:5-17:19
MERGED from [com.android.support:support-v4:23.1.1] AndroidManifest.xml:22:5-20
MERGED from [android:weexplugin:unspecified] AndroidManifest.xml:11:5-12:19
MERGED from [com.android.support:design:23.1.1] AndroidManifest.xml:22:5-20
MERGED from [com.android.support:appcompat-v7:23.1.1] AndroidManifest.xml:22:5-20
MERGED from [com.taobao.android:weex_inspector:0.10.0.5] AndroidManifest.xml:13:5-20
MERGED from [com.journeyapps:zxing-android-embedded:3.4.0] AndroidManifest.xml:45:5-53:19
	android:label
		ADDED from src\main\AndroidManifest.xml:32:13-45
	android:supportsRtl
		ADDED from src\main\AndroidManifest.xml:33:13-39
	tools:overrideLibrary
		ADDED from src\main\AndroidManifest.xml:34:13-64
	android:allowBackup
		ADDED from src\main\AndroidManifest.xml:30:13-40
	android:icon
		ADDED from src\main\AndroidManifest.xml:31:13-47
	android:theme
		ADDED from src\main\AndroidManifest.xml:35:13-44
	android:name
		ADDED from src\main\AndroidManifest.xml:29:13-58
uses-library#android.test.runner
ADDED from src\main\AndroidManifest.xml:36:9-59
	android:name
		ADDED from src\main\AndroidManifest.xml:36:23-57
meta-data#com.amap.api.v2.apikey
ADDED from src\main\AndroidManifest.xml:37:9-39:64
	android:value
		ADDED from src\main\AndroidManifest.xml:39:13-61
	android:name
		ADDED from src\main\AndroidManifest.xml:38:13-50
activity#com.alibaba.weex.SplashActivity
ADDED from src\main\AndroidManifest.xml:40:9-53:16
	android:screenOrientation
		ADDED from src\main\AndroidManifest.xml:45:9-45
	android:label
		ADDED from src\main\AndroidManifest.xml:43:9-41
	android:configChanges
		ADDED from src\main\AndroidManifest.xml:42:9-70
	android:theme
		ADDED from src\main\AndroidManifest.xml:46:9-47
	android:name
		ADDED from src\main\AndroidManifest.xml:41:9-55
intent-filter#android.intent.action.MAIN+android.intent.category.LAUNCHER
ADDED from src\main\AndroidManifest.xml:47:9-50:25
action#android.intent.action.MAIN
ADDED from src\main\AndroidManifest.xml:48:13-64
	android:name
		ADDED from src\main\AndroidManifest.xml:48:21-62
category#android.intent.category.LAUNCHER
ADDED from src\main\AndroidManifest.xml:49:13-72
	android:name
		ADDED from src\main\AndroidManifest.xml:49:23-70
activity#net.sourceforge.simcpux.wxapi.WXEntryActivity
ADDED from src\main\AndroidManifest.xml:54:9-65:20
	android:label
		ADDED from src\main\AndroidManifest.xml:57:13-45
	android:launchMode
		ADDED from src\main\AndroidManifest.xml:59:13-43
	android:exported
		ADDED from src\main\AndroidManifest.xml:58:13-36
	android:configChanges
		ADDED from src\main\AndroidManifest.xml:56:13-74
	android:name
		ADDED from src\main\AndroidManifest.xml:55:13-50
intent-filter#android.intent.action.VIEW+android.intent.category.DEFAULT
ADDED from src\main\AndroidManifest.xml:60:13-64:29
action#android.intent.action.VIEW
ADDED from src\main\AndroidManifest.xml:61:17-68
	android:name
		ADDED from src\main\AndroidManifest.xml:61:25-66
category#android.intent.category.DEFAULT
ADDED from src\main\AndroidManifest.xml:62:17-75
	android:name
		ADDED from src\main\AndroidManifest.xml:62:27-73
data
ADDED from src\main\AndroidManifest.xml:63:17-51
	android:scheme
		ADDED from src\main\AndroidManifest.xml:63:23-49
activity#com.alibaba.weex.WXPageActivity
ADDED from src\main\AndroidManifest.xml:66:9-87:20
	android:screenOrientation
		ADDED from src\main\AndroidManifest.xml:69:17-53
	android:label
		ADDED from src\main\AndroidManifest.xml:68:17-49
	android:theme
		ADDED from src\main\AndroidManifest.xml:70:17-64
	android:name
		ADDED from src\main\AndroidManifest.xml:67:17-63
intent-filter#android.intent.action.VIEW+android.intent.category.DEFAULT+com.alibaba.weex.protocol.openurl+com.taobao.android.intent.category.WEEX
ADDED from src\main\AndroidManifest.xml:72:13-85:29
action#com.alibaba.weex.protocol.openurl
ADDED from src\main\AndroidManifest.xml:74:17-75
	android:name
		ADDED from src\main\AndroidManifest.xml:74:25-73
category#com.taobao.android.intent.category.WEEX
ADDED from src\main\AndroidManifest.xml:77:17-83
	android:name
		ADDED from src\main\AndroidManifest.xml:77:27-81
activity#com.journeyapps.barcodescanner.CaptureActivity
ADDED from src\main\AndroidManifest.xml:88:9-91:49
MERGED from [com.journeyapps:zxing-android-embedded:3.4.0] AndroidManifest.xml:46:9-52:63
	android:screenOrientation
		ADDED from src\main\AndroidManifest.xml:90:13-49
		REJECTED from [com.journeyapps:zxing-android-embedded:3.4.0] AndroidManifest.xml:49:13-56
	android:clearTaskOnLaunch
		ADDED from [com.journeyapps:zxing-android-embedded:3.4.0] AndroidManifest.xml:48:13-45
	android:stateNotNeeded
		ADDED from [com.journeyapps:zxing-android-embedded:3.4.0] AndroidManifest.xml:50:13-42
	android:windowSoftInputMode
		ADDED from [com.journeyapps:zxing-android-embedded:3.4.0] AndroidManifest.xml:52:13-60
	android:theme
		ADDED from [com.journeyapps:zxing-android-embedded:3.4.0] AndroidManifest.xml:51:13-54
	tools:replace
		ADDED from src\main\AndroidManifest.xml:91:13-46
	android:name
		ADDED from src\main\AndroidManifest.xml:89:13-74
uses-sdk
INJECTED from src\main\AndroidManifest.xml reason: use-sdk injection requested
MERGED from [com.taobao.android:weex_sdk:0.10.0] AndroidManifest.xml:7:5-9:41
MERGED from [android:appframework:unspecified] AndroidManifest.xml:7:5-9:41
MERGED from [com.facebook.fresco:fresco:0.10.0] AndroidManifest.xml:5:5-7:41
MERGED from [com.facebook.fresco:drawee:0.10.0] AndroidManifest.xml:5:5-7:41
MERGED from [com.android.support:support-v4:23.1.1] AndroidManifest.xml:20:5-43
MERGED from [com.facebook.fresco:fbcore:0.10.0] AndroidManifest.xml:5:5-7:41
MERGED from [com.facebook.fresco:imagepipeline:0.10.0] AndroidManifest.xml:5:5-7:41
MERGED from [com.facebook.fresco:imagepipeline-base:0.10.0] AndroidManifest.xml:5:5-7:41
MERGED from [android:weexplugin:unspecified] AndroidManifest.xml:7:5-9:41
MERGED from [com.android.support:design:23.1.1] AndroidManifest.xml:20:5-43
MERGED from [com.android.support:appcompat-v7:23.1.1] AndroidManifest.xml:20:5-43
MERGED from [com.android.support:recyclerview-v7:23.1.1] AndroidManifest.xml:20:5-43
MERGED from [com.taobao.android:weex_inspector:0.10.0.5] AndroidManifest.xml:8:5-11:60
MERGED from [com.journeyapps:zxing-android-embedded:3.4.0] AndroidManifest.xml:19:5-43
	tools:overrideLibrary
		ADDED from [com.taobao.android:weex_inspector:0.10.0.5] AndroidManifest.xml:11:9-57
	android:targetSdkVersion
		INJECTED from src\main\AndroidManifest.xml
		INJECTED from src\main\AndroidManifest.xml
	android:minSdkVersion
		INJECTED from src\main\AndroidManifest.xml
		INJECTED from src\main\AndroidManifest.xml
receiver#com.taobao.weex.WXGlobalEventReceiver
ADDED from [com.taobao.android:weex_sdk:0.10.0] AndroidManifest.xml:12:9-16:20
	android:enabled
		ADDED from [com.taobao.android:weex_sdk:0.10.0] AndroidManifest.xml:14:13-35
	android:exported
		ADDED from [com.taobao.android:weex_sdk:0.10.0] AndroidManifest.xml:15:13-37
	android:name
		ADDED from [com.taobao.android:weex_sdk:0.10.0] AndroidManifest.xml:13:13-65
uses-feature#android.hardware.camera.front
ADDED from [com.journeyapps:zxing-android-embedded:3.4.0] AndroidManifest.xml:27:5-29:36
	android:required
		ADDED from [com.journeyapps:zxing-android-embedded:3.4.0] AndroidManifest.xml:29:9-33
	android:name
		ADDED from [com.journeyapps:zxing-android-embedded:3.4.0] AndroidManifest.xml:28:9-53
uses-feature#android.hardware.camera.flash
ADDED from [com.journeyapps:zxing-android-embedded:3.4.0] AndroidManifest.xml:35:5-37:36
	android:required
		ADDED from [com.journeyapps:zxing-android-embedded:3.4.0] AndroidManifest.xml:37:9-33
	android:name
		ADDED from [com.journeyapps:zxing-android-embedded:3.4.0] AndroidManifest.xml:36:9-53
uses-feature#android.hardware.screen.landscape
ADDED from [com.journeyapps:zxing-android-embedded:3.4.0] AndroidManifest.xml:38:5-40:36
	android:required
		ADDED from [com.journeyapps:zxing-android-embedded:3.4.0] AndroidManifest.xml:40:9-33
	android:name
		ADDED from [com.journeyapps:zxing-android-embedded:3.4.0] AndroidManifest.xml:39:9-57
uses-feature#android.hardware.wifi
ADDED from [com.journeyapps:zxing-android-embedded:3.4.0] AndroidManifest.xml:41:5-43:36
	android:required
		ADDED from [com.journeyapps:zxing-android-embedded:3.4.0] AndroidManifest.xml:43:9-33
	android:name
		ADDED from [com.journeyapps:zxing-android-embedded:3.4.0] AndroidManifest.xml:42:9-45